--- [15:02:38] [PKG] Task ---
警告：paru-2.1.0-5 已经为最新 -- 跳过
警告：niri-25.11-1 已经为最新 -- 跳过
警告：rofi-2.0.0-1 已经为最新 -- 跳过
警告：thunar-4.20.7-1 已经为最新 -- 跳过
警告：kitty-0.45.0-4 已经为最新 -- 跳过
警告：waybar-0.15.0-1 已经为最新 -- 跳过
警告：swww-0.11.2-1 已经为最新 -- 跳过
警告：wireplumber-0.5.13-1 已经为最新 -- 跳过
警告：playerctl-2.4.1-5 已经为最新 -- 跳过
警告：brightnessctl-0.5.1-3 已经为最新 -- 跳过
警告：firefox-147.0.4-1 已经为最新 -- 跳过
警告：hyprlock-0.9.2-8 已经为最新 -- 跳过
警告：wl-clipboard-1:2.2.1-3 已经为最新 -- 跳过
警告：hyprpicker-0.4.6-2 已经为最新 -- 跳过
警告：fcitx5-5.1.17-1 已经为最新 -- 跳过
警告：fcitx5-configtool-5.1.12-2 已经为最新 -- 跳过
警告：fcitx5-gtk-5.1.5-1 已经为最新 -- 跳过
警告：fcitx5-qt-5.1.12-2 已经为最新 -- 跳过
警告：fcitx5-rime-5.1.12-1 已经为最新 -- 跳过
警告：polkit-gnome-0.105-12 已经为最新 -- 跳过
警告：satty-0.20.1-2 已经为最新 -- 跳过
正在解析依赖关系...
正在查找软件包冲突...

软件包 (1) matugen-3.1.0-1

下载大小：      3.17 MiB
全部安装大小：  9.42 MiB

:: 进行安装吗？ [Y/n] 
:: 正在获取软件包......
matugen-3.1.0-1-x86_64正在下载……
正在检查密钥环......
正在检查软件包完整性...
正在加载软件包文件...
正在检查文件冲突...
正在检查可用存储空间...
:: 正在处理软件包的变化...
正在安装 matugen...
:: 正在运行事务后钩子函数...
(1/1) Arming ConditionNeedsUpdate...
:: 正在解析依赖关系……
:: waypaper-2.7-1 已是最新 -- 正在跳过
:: clipse-1.2.0-2 已是最新 -- 正在跳过
:: 正在计算冲突……
:: 正在计算内部冲突……
 今日无事可做
--- [15:02:47] [STOW] Task ---
--- [15:05:32] [PKG] Task ---
警告：paru-2.1.0-5 已经为最新 -- 跳过
警告：niri-25.11-1 已经为最新 -- 跳过
警告：rofi-2.0.0-1 已经为最新 -- 跳过
警告：thunar-4.20.7-1 已经为最新 -- 跳过
警告：kitty-0.45.0-4 已经为最新 -- 跳过
警告：waybar-0.15.0-1 已经为最新 -- 跳过
警告：swww-0.11.2-1 已经为最新 -- 跳过
警告：wireplumber-0.5.13-1 已经为最新 -- 跳过
警告：playerctl-2.4.1-5 已经为最新 -- 跳过
警告：brightnessctl-0.5.1-3 已经为最新 -- 跳过
警告：firefox-147.0.4-1 已经为最新 -- 跳过
警告：hyprlock-0.9.2-8 已经为最新 -- 跳过
警告：wl-clipboard-1:2.2.1-3 已经为最新 -- 跳过
警告：hyprpicker-0.4.6-2 已经为最新 -- 跳过
警告：fcitx5-5.1.17-1 已经为最新 -- 跳过
警告：fcitx5-configtool-5.1.12-2 已经为最新 -- 跳过
警告：fcitx5-gtk-5.1.5-1 已经为最新 -- 跳过
警告：fcitx5-qt-5.1.12-2 已经为最新 -- 跳过
警告：fcitx5-rime-5.1.12-1 已经为最新 -- 跳过
警告：matugen-3.1.0-1 已经为最新 -- 跳过
警告：polkit-gnome-0.105-12 已经为最新 -- 跳过
警告：satty-0.20.1-2 已经为最新 -- 跳过
警告：iwd-3.11-2 已经为最新 -- 跳过
警告：impala-0.7.4-1 已经为最新 -- 跳过
 今日无事可做
:: 正在解析依赖关系……
:: waypaper-2.7-1 已是最新 -- 正在跳过
:: clipse-1.2.0-2 已是最新 -- 正在跳过
:: 正在计算冲突……
:: 正在计算内部冲突……
 今日无事可做
--- [15:05:37] [STOW] Task ---
--- [15:05:39] [CMD] Task ---
