--- [15:02:48] [PKG] Task ---
警告：imagemagick-7.1.2.13-2 已经为最新 -- 跳过
警告：jq-1.8.1-1 已经为最新 -- 跳过
警告：satty-0.20.1-2 已经为最新 -- 跳过
警告：swayidle-1.9.0-1 已经为最新 -- 跳过
警告：rofi-2.0.0-1 已经为最新 -- 跳过
警告：hyprlock-0.9.2-8 已经为最新 -- 跳过
警告：matugen-3.1.0-1 已经为最新 -- 跳过
 今日无事可做
--- [15:02:51] [STOW] Task ---
--- [15:05:40] [PKG] Task ---
警告：imagemagick-7.1.2.13-2 已经为最新 -- 跳过
警告：jq-1.8.1-1 已经为最新 -- 跳过
警告：satty-0.20.1-2 已经为最新 -- 跳过
警告：swayidle-1.9.0-1 已经为最新 -- 跳过
警告：rofi-2.0.0-1 已经为最新 -- 跳过
警告：hyprlock-0.9.2-8 已经为最新 -- 跳过
警告：matugen-3.1.0-1 已经为最新 -- 跳过
 今日无事可做
--- [15:05:41] [STOW] Task ---
